<?xml version="1.0" encoding="UTF-8"?>
<!-- Generated by org.testng.reporters.JUnitReportReporter -->
<testsuite hostname="LIN-5CG1154CK1" failures="0" tests="2" name="Demo1.Demo2" time="0.023" errors="0" timestamp="2024-01-22T15:38:44 IST" skipped="0">
  <testcase classname="Demo1.Demo2" name="bike" time="0.020"/>
  <testcase classname="Demo1.Demo2" name="car" time="0.003"/>
</testsuite> <!-- Demo1.Demo2 -->
